{"D:\\vemser12\\tech-up-challenge\\testes\\js\\average\\average.js": {"path":"D:\\vemser12\\tech-up-challenge\\testes\\js\\average\\average.js","statementMap":{"0":{"start":{"line":2,"column":19},"end":{"line":2,"column":64}},"1":{"start":{"line":2,"column":49},"end":{"line":2,"column":60}},"2":{"start":{"line":4,"column":2},"end":{"line":4,"column":34}},"3":{"start":{"line":7,"column":0},"end":{"line":7,"column":25}}},"fnMap":{"0":{"name":"average","decl":{"start":{"line":1,"column":9},"end":{"line":1,"column":16}},"loc":{"start":{"line":1,"column":25},"end":{"line":5,"column":1}},"line":1},"1":{"name":"(anonymous_1)","decl":{"start":{"line":2,"column":33},"end":{"line":2,"column":34}},"loc":{"start":{"line":2,"column":49},"end":{"line":2,"column":60}},"line":2}},"branchMap":{},"s":{"0":1,"1":3,"2":1,"3":1},"f":{"0":1,"1":3},"b":{},"_coverageSchema":"1a1c01bbd47fc00a2c39e90264f33305004495a9","hash":"b8c65bd613c8f3396923a675fbc7d684851174e2"}
,"D:\\vemser12\\tech-up-challenge\\testes\\js\\githubData\\githubData.js": {"path":"D:\\vemser12\\tech-up-challenge\\testes\\js\\githubData\\githubData.js","statementMap":{"0":{"start":{"line":1,"column":18},"end":{"line":1,"column":48}},"1":{"start":{"line":4,"column":19},"end":{"line":4,"column":58}},"2":{"start":{"line":5,"column":15},"end":{"line":5,"column":36}},"3":{"start":{"line":7,"column":2},"end":{"line":11,"column":3}},"4":{"start":{"line":8,"column":4},"end":{"line":8,"column":16}},"5":{"start":{"line":10,"column":4},"end":{"line":10,"column":40}}},"fnMap":{"0":{"name":"getGithubData","decl":{"start":{"line":3,"column":22},"end":{"line":3,"column":35}},"loc":{"start":{"line":3,"column":46},"end":{"line":12,"column":1}},"line":3}},"branchMap":{"0":{"loc":{"start":{"line":7,"column":2},"end":{"line":11,"column":3}},"type":"if","locations":[{"start":{"line":7,"column":2},"end":{"line":11,"column":3}},{"start":{"line":9,"column":9},"end":{"line":11,"column":3}}],"line":7}},"s":{"0":1,"1":1,"2":1,"3":1,"4":1,"5":0},"f":{"0":1},"b":{"0":[1,0]},"_coverageSchema":"1a1c01bbd47fc00a2c39e90264f33305004495a9","hash":"2c700349ff25c9bbe69d426b36e682a197387681"}
,"D:\\vemser12\\tech-up-challenge\\testes\\js\\sum\\sum.js": {"path":"D:\\vemser12\\tech-up-challenge\\testes\\js\\sum\\sum.js","statementMap":{"0":{"start":{"line":2,"column":2},"end":{"line":2,"column":14}},"1":{"start":{"line":5,"column":0},"end":{"line":5,"column":21}}},"fnMap":{"0":{"name":"sum","decl":{"start":{"line":1,"column":9},"end":{"line":1,"column":12}},"loc":{"start":{"line":1,"column":19},"end":{"line":3,"column":1}},"line":1}},"branchMap":{},"s":{"0":1,"1":1},"f":{"0":1},"b":{},"_coverageSchema":"1a1c01bbd47fc00a2c39e90264f33305004495a9","hash":"56df08d95ab08a1d6b1d09aabdd8a08bb56ce10c"}
}
